# JRE version: OpenJDK Runtime Environment (11.0.10) (build 11.0.10+0-b96-7249189)
# Java VM: OpenJDK 64-Bit Server VM (11.0.10+0-b96-7249189, mixed mode, tiered, compressed oops, g1 gc, windows-amd64)
Heap:
 garbage-first heap   total 405504K, used 173480K [0x0000000080000000, 0x0000000100000000)
  region size 1024K, 2 young (2048K), 2 survivors (2048K)
 Metaspace       used 144646K, capacity 149471K, committed 150016K, reserved 1179648K
  class space    used 17562K, capacity 19349K, committed 19712K, reserved 1048576K
GC Heap History (20 events):
Event: 7623.960 GC heap after
{Heap after GC invocations=107 (full 0):
 garbage-first heap   total 337920K, used 118842K [0x0000000080000000, 0x0000000100000000)
  region size 1024K, 2 young (2048K), 2 survivors (2048K)
 Metaspace       used 143480K, capacity 148149K, committed 148992K, reserved 1179648K
  class space    used 17516K, capacity 19246K, committed 19712K, reserved 1048576K
}
Event: 7624.453 GC heap before
{Heap before GC invocations=107 (full 0):
 garbage-first heap   total 337920K, used 264250K [0x0000000080000000, 0x0000000100000000)
  region size 1024K, 145 young (148480K), 2 survivors (2048K)
 Metaspace       used 143869K, capacity 148674K, committed 149504K, reserved 1179648K
  class space    used 17546K, capacity 19333K, committed 19712K, reserved 1048576K
}
Event: 7624.469 GC heap after
{Heap after GC invocations=108 (full 0):
 garbage-first heap   total 337920K, used 133941K [0x0000000080000000, 0x0000000100000000)
  region size 1024K, 16 young (16384K), 16 survivors (16384K)
 Metaspace       used 143869K, capacity 148674K, committed 149504K, reserved 1179648K
  class space    used 17546K, capacity 19333K, committed 19712K, reserved 1048576K
}
Event: 7624.831 GC heap before
{Heap before GC invocations=109 (full 0):
 garbage-first heap   total 337920K, used 266037K [0x0000000080000000, 0x0000000100000000)
  region size 1024K, 146 young (149504K), 16 survivors (16384K)
 Metaspace       used 144024K, capacity 148823K, committed 149504K, reserved 1179648K
  class space    used 17550K, capacity 19338K, committed 19712K, reserved 1048576K
}
Event: 7624.846 GC heap after
{Heap after GC invocations=110 (full 0):
 garbage-first heap   total 337920K, used 145968K [0x0000000080000000, 0x0000000100000000)
  region size 1024K, 19 young (19456K), 19 survivors (19456K)
 Metaspace       used 144024K, capacity 148823K, committed 149504K, reserved 1179648K
  class space    used 17550K, capacity 19338K, committed 19712K, reserved 1048576K
}
Event: 7624.848 GC heap before
{Heap before GC invocations=110 (full 0):
 garbage-first heap   total 337920K, used 146992K [0x0000000080000000, 0x0000000100000000)
  region size 1024K, 20 young (20480K), 19 survivors (19456K)
 Metaspace       used 144024K, capacity 148823K, committed 149504K, reserved 1179648K
  class space    used 17550K, capacity 19338K, committed 19712K, reserved 1048576K
}
Event: 7624.858 GC heap after
{Heap after GC invocations=111 (full 0):
 garbage-first heap   total 337920K, used 143209K [0x0000000080000000, 0x0000000100000000)
  region size 1024K, 3 young (3072K), 3 survivors (3072K)
 Metaspace       used 144024K, capacity 148823K, committed 149504K, reserved 1179648K
  class space    used 17550K, capacity 19338K, committed 19712K, reserved 1048576K
}
Event: 7625.070 GC heap before
{Heap before GC invocations=111 (full 0):
 garbage-first heap   total 337920K, used 263017K [0x0000000080000000, 0x0000000100000000)
  region size 1024K, 121 young (123904K), 3 survivors (3072K)
 Metaspace       used 144097K, capacity 148902K, committed 149504K, reserved 1179648K
  class space    used 17554K, capacity 19342K, committed 19712K, reserved 1048576K
}
Event: 7625.099 GC heap after
{Heap after GC invocations=112 (full 0):
 garbage-first heap   total 337920K, used 159391K [0x0000000080000000, 0x0000000100000000)
  region size 1024K, 16 young (16384K), 16 survivors (16384K)
 Metaspace       used 144097K, capacity 148902K, committed 149504K, reserved 1179648K
  class space    used 17554K, capacity 19342K, committed 19712K, reserved 1048576K
}
Event: 7625.403 GC heap before
{Heap before GC invocations=113 (full 0):
 garbage-first heap   total 337920K, used 268959K [0x0000000080000000, 0x0000000100000000)
  region size 1024K, 121 young (123904K), 16 survivors (16384K)
 Metaspace       used 144202K, capacity 149007K, committed 149760K, reserved 1179648K
  class space    used 17553K, capacity 19333K, committed 19712K, reserved 1048576K
}
Event: 7625.423 GC heap after
{Heap after GC invocations=114 (full 0):
 garbage-first heap   total 337920K, used 170968K [0x0000000080000000, 0x0000000100000000)
  region size 1024K, 13 young (13312K), 13 survivors (13312K)
 Metaspace       used 144202K, capacity 149007K, committed 149760K, reserved 1179648K
  class space    used 17553K, capacity 19333K, committed 19712K, reserved 1048576K
}
Event: 7625.427 GC heap before
{Heap before GC invocations=114 (full 0):
 garbage-first heap   total 337920K, used 174040K [0x0000000080000000, 0x0000000100000000)
  region size 1024K, 16 young (16384K), 13 survivors (13312K)
 Metaspace       used 144202K, capacity 149007K, committed 149760K, reserved 1179648K
  class space    used 17553K, capacity 19333K, committed 19712K, reserved 1048576K
}
Event: 7625.443 GC heap after
{Heap after GC invocations=115 (full 0):
 garbage-first heap   total 337920K, used 170853K [0x0000000080000000, 0x0000000100000000)
  region size 1024K, 2 young (2048K), 2 survivors (2048K)
 Metaspace       used 144202K, capacity 149007K, committed 149760K, reserved 1179648K
  class space    used 17553K, capacity 19333K, committed 19712K, reserved 1048576K
}
Event: 7625.569 GC heap before
{Heap before GC invocations=115 (full 0):
 garbage-first heap   total 337920K, used 269157K [0x0000000080000000, 0x0000000100000000)
  region size 1024K, 98 young (100352K), 2 survivors (2048K)
 Metaspace       used 144318K, capacity 149117K, committed 149760K, reserved 1179648K
  class space    used 17558K, capacity 19342K, committed 19712K, reserved 1048576K
}
Event: 7625.582 GC heap after
{Heap after GC invocations=116 (full 0):
 garbage-first heap   total 337920K, used 175823K [0x0000000080000000, 0x0000000100000000)
  region size 1024K, 7 young (7168K), 7 survivors (7168K)
 Metaspace       used 144318K, capacity 149117K, committed 149760K, reserved 1179648K
  class space    used 17558K, capacity 19342K, committed 19712K, reserved 1048576K
}
Event: 7625.875 GC heap before
{Heap before GC invocations=116 (full 0):
 garbage-first heap   total 337920K, used 273103K [0x0000000080000000, 0x0000000100000000)
  region size 1024K, 102 young (104448K), 7 survivors (7168K)
 Metaspace       used 144591K, capacity 149463K, committed 150016K, reserved 1179648K
  class space    used 17561K, capacity 19347K, committed 19712K, reserved 1048576K
}
Event: 7625.885 GC heap after
{Heap after GC invocations=117 (full 0):
 garbage-first heap   total 337920K, used 178351K [0x0000000080000000, 0x0000000100000000)
  region size 1024K, 9 young (9216K), 9 survivors (9216K)
 Metaspace       used 144591K, capacity 149463K, committed 150016K, reserved 1179648K
  class space    used 17561K, capacity 19347K, committed 19712K, reserved 1048576K
}
Event: 7626.048 GC heap before
{Heap before GC invocations=118 (full 0):
 garbage-first heap   total 337920K, used 277679K [0x0000000080000000, 0x0000000100000000)
  region size 1024K, 106 young (108544K), 9 survivors (9216K)
 Metaspace       used 144643K, capacity 149471K, committed 150016K, reserved 1179648K
  class space    used 17562K, capacity 19349K, committed 19712K, reserved 1048576K
}
Event: 7626.055 GC heap after
{Heap after GC invocations=119 (full 0):
 garbage-first heap   total 337920K, used 178946K [0x0000000080000000, 0x0000000100000000)
  region size 1024K, 4 young (4096K), 4 survivors (4096K)
 Metaspace       used 144643K, capacity 149471K, committed 150016K, reserved 1179648K
  class space    used 17562K, capacity 19349K, committed 19712K, reserved 1048576K
}
Event: 7626.077 GC heap before
{Heap before GC invocations=119 (full 0):
 garbage-first heap   total 337920K, used 191234K [0x0000000080000000, 0x0000000100000000)
  region size 1024K, 16 young (16384K), 4 survivors (4096K)
 Metaspace       used 144646K, capacity 149471K, committed 150016K, reserved 1179648K
  class space    used 17562K, capacity 19349K, committed 19712K, reserved 1048576K
}

